\BOOKMARK [0][-]{chapter.1}{Introducci\363n}{}% 1
\BOOKMARK [1][-]{section.1.1}{Marco do proxecto}{chapter.1}% 2
\BOOKMARK [1][-]{section.1.2}{Motivaci\363n}{chapter.1}% 3
\BOOKMARK [1][-]{section.1.3}{Obxectivos}{chapter.1}% 4
\BOOKMARK [0][-]{chapter.2}{Conceptos Previos}{}% 5
\BOOKMARK [0][-]{chapter.3}{Plan de Proyecto}{}% 6
\BOOKMARK [1][-]{section.3.1}{An\341lisis de Viabilidad}{chapter.3}% 7
\BOOKMARK [0][-]{chapter.4}{Tecnolox\355as Utilizadas}{}% 8
\BOOKMARK [1][-]{section.4.1}{Linguaxes}{chapter.4}% 9
\BOOKMARK [2][-]{subsection.4.1.1}{Python}{section.4.1}% 10
\BOOKMARK [2][-]{subsection.4.1.2}{HTML}{section.4.1}% 11
\BOOKMARK [2][-]{subsection.4.1.3}{CSS}{section.4.1}% 12
\BOOKMARK [2][-]{subsection.4.1.4}{JavaScript}{section.4.1}% 13
\BOOKMARK [2][-]{subsection.4.1.5}{SQL}{section.4.1}% 14
\BOOKMARK [2][-]{subsection.4.1.6}{XML}{section.4.1}% 15
\BOOKMARK [1][-]{section.4.2}{Django Framework}{chapter.4}% 16
\BOOKMARK [1][-]{section.4.3}{Bootstrap}{chapter.4}% 17
\BOOKMARK [1][-]{section.4.4}{Software Empregado}{chapter.4}% 18
\BOOKMARK [2][-]{subsection.4.4.1}{Apache HTTP server}{section.4.4}% 19
\BOOKMARK [2][-]{subsection.4.4.2}{PostgreSQL}{section.4.4}% 20
\BOOKMARK [2][-]{subsection.4.4.3}{Eclipse}{section.4.4}% 21
\BOOKMARK [2][-]{subsection.4.4.4}{GIT}{section.4.4}% 22
\BOOKMARK [2][-]{subsection.4.4.5}{DIA}{section.4.4}% 23
\BOOKMARK [0][-]{chapter.5}{Dise\361o}{}% 24
\BOOKMARK [1][-]{section.5.1}{Ciclo de vida}{chapter.5}% 25
\BOOKMARK [0][-]{chapter.6}{Implementaci\363n}{}% 26
\BOOKMARK [1][-]{section.6.1}{Organizaci\363n del c\363digo fuente}{chapter.6}% 27
\BOOKMARK [0][-]{chapter.7}{Conclusiones}{}% 28
\BOOKMARK [1][-]{section.7.1}{An\341lisis Econ\363mico}{chapter.7}% 29
\BOOKMARK [0][-]{appendix.Alph1}{Ap\351ndice}{}% 30
\BOOKMARK [1][-]{section.Alph1.1}{PhotoPlace}{appendix.Alph1}% 31
